[2018-03-28 14:33:28] [INFO] select id from rlbd
[2018-03-28 14:33:28] [INFO] -------------- Execute TestCases ---------------
[2018-03-28 14:33:28] [INFO] case_id:		1
[2018-03-28 14:33:28] [INFO] url:			http://192.168.1.80:8080/facebdweb/statistics/syrk/queryRealPerson
[2018-03-28 14:33:28] [INFO] param:			{"startTime":"2016-1-25 16:50:00","endTime":"2018-1-25 16:50:00","perStatus":"0"}
[2018-03-28 14:33:28] [INFO] response:		{"error": 0, "message": "successful", "map": {"f": {"id": "None"}, "resultList": [], "perSum": 0, "addrName": "\u661f\u6708\u6e7e\u5c0f\u533a"}}
[2018-03-28 14:33:28] [INFO] status:		200
[2018-03-28 14:33:28] [INFO] time:			9
[2018-03-28 14:33:28] [INFO] error:			0
[2018-03-28 14:33:28] [INFO] message:			successful
[2018-03-28 14:33:28] [INFO] addrName:		星月湾小区
[2018-03-28 14:33:28] [INFO] 实有人口统计接口-统计全部人口 sucess
[2018-03-28 14:33:28] [INFO] -------------- Get the result ------------ Pass
[2018-03-28 14:33:28] [INFO] case_id:		2
[2018-03-28 14:33:28] [INFO] url:			http://192.168.1.80:8080/facebdweb/statistics/syrk/queryRealPerson
[2018-03-28 14:33:28] [INFO] param:			{"startTime":"2016-1-25 16:50:00","endTime":"2018-1-25 16:50:00","perStatus":"1"}
[2018-03-28 14:33:28] [INFO] response:		{"error": 0, "message": "successful", "map": {"f": {"id": "None"}, "resultList": [], "perSum": 0, "addrName": "\u661f\u6708\u6e7e\u5c0f\u533a"}}
[2018-03-28 14:33:28] [INFO] status:		200
[2018-03-28 14:33:28] [INFO] time:			7
[2018-03-28 14:33:28] [INFO] error:			0
[2018-03-28 14:33:28] [INFO] message:			successful
[2018-03-28 14:33:28] [INFO] addrName:		星月湾小区
[2018-03-28 14:33:28] [INFO] 实有人口统计接口-统计全部迁入人口 sucess
[2018-03-28 14:33:28] [INFO] -------------- Get the result ------------ Pass
[2018-03-28 14:33:28] [INFO] case_id:		3
[2018-03-28 14:33:28] [INFO] url:			http://192.168.1.80:8080/facebdweb/statistics/syrk/queryRealPerson
[2018-03-28 14:33:28] [INFO] param:			{"startTime":"2016-1-25 16:50:00","endTime":"2018-1-25 16:50:00","perStatus":"2"}
[2018-03-28 14:33:28] [INFO] response:		{"error": 0, "message": "successful", "map": {"f": {"id": "None"}, "resultList": [], "perSum": 0, "addrName": "\u661f\u6708\u6e7e\u5c0f\u533a"}}
[2018-03-28 14:33:28] [INFO] status:		200
[2018-03-28 14:33:28] [INFO] time:			7
[2018-03-28 14:33:28] [INFO] error:			0
[2018-03-28 14:33:28] [INFO] message:			successful
[2018-03-28 14:33:28] [INFO] addrName:		星月湾小区
[2018-03-28 14:33:28] [INFO] 实有人口统计接口-统计全部迁出人口 sucess
[2018-03-28 14:33:28] [INFO] -------------- Get the result ------------ Pass
[2018-03-28 14:33:28] [INFO] case_id:		4
[2018-03-28 14:33:28] [INFO] url:			http://192.168.1.80:8080/facebdweb/statistics/syrk/queryRealPerson
[2018-03-28 14:33:28] [INFO] param:			{"startTime":"2016-1-25 16:50:00","endTime":"2018-1-25 16:50:00","perStatus":"-2"}
[2018-03-28 14:33:28] [INFO] response:		{"error": 0, "message": "successful", "map": {"f": {"id": "None"}, "resultList": [], "perSum": 0, "addrName": "\u661f\u6708\u6e7e\u5c0f\u533a"}}
[2018-03-28 14:33:28] [ERROR] error:	0
[2018-03-28 14:33:28] [INFO] -------------- Get the result ------------ False
[2018-03-28 14:33:28] [INFO] case_id:		5
[2018-03-28 14:33:28] [INFO] url:			http://192.168.1.80:8080/facebdweb/statistics/syrk/queryRealPerson
[2018-03-28 14:33:28] [INFO] param:			{"endTime":"2018-1-25 16:50:00","perStatus":"0"}
[2018-03-28 14:33:28] [INFO] response:		{"error": 201, "message": "\u5f00\u59cb\u65f6\u95f4\u4e3a\u7a7a", "map": {}}
[2018-03-28 14:33:28] [INFO] status:		200
[2018-03-28 14:33:28] [INFO] time:			2
[2018-03-28 14:33:28] [ERROR] error:			201
[2018-03-28 14:33:28] [ERROR] message:			开始时间为空
[2018-03-28 14:33:28] [ERROR] error key:	addrName
[2018-03-28 14:33:28] [ERROR] 实有人口统计接口-无开始时间 false
[2018-03-28 14:33:28] [INFO] -------------- Get the result ------------ False
[2018-03-28 14:33:28] [INFO] case_id:		6
[2018-03-28 14:33:28] [INFO] url:			http://192.168.1.80:8080/facebdweb/statistics/syrk/queryRealPerson
[2018-03-28 14:33:28] [INFO] param:			{"startTime":"2016-1-25 16:50:00","perStatus":"0"}
[2018-03-28 14:33:28] [INFO] response:		{"error": 201, "message": "\u7ed3\u675f\u65f6\u95f4\u4e3a\u7a7a", "map": {}}
[2018-03-28 14:33:28] [INFO] status:		200
[2018-03-28 14:33:28] [ERROR] time:			12
[2018-03-28 14:33:28] [ERROR] error:			201
[2018-03-28 14:33:28] [ERROR] message:			结束时间为空
[2018-03-28 14:33:28] [ERROR] error key:	perSum
[2018-03-28 14:33:28] [ERROR] error key:	addrName
[2018-03-28 14:33:28] [ERROR] 实有人口统计接口-无结束时间 false
[2018-03-28 14:33:28] [INFO] -------------- Get the result ------------ False
[2018-03-28 14:33:28] [INFO] case_id:		7
[2018-03-28 14:33:28] [INFO] url:			http://192.168.1.80:8080/facebdweb/statistics/syrk/queryRealPerson
[2018-03-28 14:33:28] [INFO] param:			{"startTime":"2016-1-25 16:50:00","endTime":"2018-1-25 16:50:00"}
[2018-03-28 14:33:28] [INFO] response:		{"error": 201, "message": "\u4eba\u5458\u72b6\u6001\u4e3a\u7a7a", "map": {}}
[2018-03-28 14:33:28] [INFO] status:		200
[2018-03-28 14:33:28] [INFO] time:			2
[2018-03-28 14:33:28] [ERROR] error:			201
[2018-03-28 14:33:28] [ERROR] message:			人员状态为空
[2018-03-28 14:33:28] [ERROR] error key:	perSum
[2018-03-28 14:33:28] [ERROR] error key:	addrName
[2018-03-28 14:33:28] [ERROR] 实有人口统计接口-无人口类型 false
[2018-03-28 14:33:28] [INFO] -------------- Get the result ------------ False
[2018-03-28 14:33:28] [INFO] case_id:		8
[2018-03-28 14:33:28] [INFO] url:			http://192.168.1.80:8080/facebdweb/statistics/syrk/queryRealPerson
[2018-03-28 14:33:28] [INFO] param:			{"startTime":"2016-1-25abc16:50:00","endTime":"2018-1-25 16:50:00","perStatus":"0"}
[2018-03-28 14:33:28] [INFO] response:		{"error": 201, "message": "\u65e5\u671f\u683c\u5f0f\u4e0d\u5bf9", "map": {}}
[2018-03-28 14:33:28] [INFO] status:		200
[2018-03-28 14:33:28] [ERROR] time:			11
[2018-03-28 14:33:28] [ERROR] error:			201
[2018-03-28 14:33:28] [ERROR] message:			日期格式不对
[2018-03-28 14:33:28] [ERROR] error key:	perSum
[2018-03-28 14:33:28] [ERROR] error key:	addrName
[2018-03-28 14:33:28] [ERROR] 实有人口统计接口-时间参数格式错误 false
[2018-03-28 14:33:28] [INFO] -------------- Get the result ------------ False
[2018-03-28 14:33:28] [INFO] case_id:		9
[2018-03-28 14:33:28] [INFO] url:			http://192.168.1.80:8080/facebdweb/statistics/syrk/queryRegionPerson
[2018-03-28 14:33:28] [INFO] param:			{"startTime":"2016-1-25 16:50:00","endTime":"2018-1-25 16:50:00"}
[2018-03-28 14:33:28] [INFO] response:		{"error": 0, "message": "successful", "map": {"pager": {"f": {"perType": "None", "startTime": "1453769400", "endTime": "1516927800"}, "pageFlag": "None", "resultList": [], "pageNo": 1, "pageRows": 4, "totalCount": 0, "totalPages": 0, "last": 0, "hasNext": false, "nextPage": 1, "hasPre": false, "prePage": 1, "beginCount": 0, "first": 1}}}
[2018-03-28 14:33:28] [INFO] status:		200
[2018-03-28 14:33:28] [INFO] time:			5
[2018-03-28 14:33:28] [INFO] error:			0
[2018-03-28 14:33:28] [INFO] message:			successful
[2018-03-28 14:33:28] [ERROR] error key:	perSum
[2018-03-28 14:33:28] [ERROR] error key:	addrName
[2018-03-28 14:33:28] [ERROR] 小区抓拍统计接口-默认查询 false
[2018-03-28 14:33:28] [INFO] -------------- Get the result ------------ False
[2018-03-28 14:33:28] [INFO] case_id:		10
[2018-03-28 14:33:28] [INFO] url:			http://192.168.1.80:8080/facebdweb/statistics/syrk/queryRegionPerson
[2018-03-28 14:33:28] [INFO] param:			{"startTime":"2016-1-25 16:50:00","endTime":"2018-1-25 16:50:00", "perType":"1"}
[2018-03-28 14:33:28] [INFO] response:		{"error": 0, "message": "successful", "map": {"pager": {"f": {"perType": "1", "startTime": "1453769400", "endTime": "1516927800"}, "pageFlag": "None", "resultList": [], "pageNo": 1, "pageRows": 4, "totalCount": 0, "totalPages": 0, "last": 0, "hasNext": false, "nextPage": 1, "hasPre": false, "prePage": 1, "beginCount": 0, "first": 1}}}
[2018-03-28 14:33:28] [INFO] status:		200
[2018-03-28 14:33:28] [INFO] time:			4
[2018-03-28 14:33:28] [INFO] error:			0
[2018-03-28 14:33:28] [INFO] message:			successful
[2018-03-28 14:33:28] [ERROR] error key:	perSum
[2018-03-28 14:33:28] [ERROR] error key:	addrName
[2018-03-28 14:33:28] [ERROR] 小区抓拍统计接口-查询常驻人口 false
[2018-03-28 14:33:28] [INFO] -------------- Get the result ------------ False
[2018-03-28 14:33:28] [INFO] case_id:		11
[2018-03-28 14:33:28] [INFO] url:			http://192.168.1.80:8080/facebdweb/statistics/syrk/queryRegionPerson
[2018-03-28 14:33:28] [INFO] param:			{"startTime":"2016-1-25 16:50:00","endTime":"2018-1-25 16:50:00", "perType":"2"}
[2018-03-28 14:33:28] [INFO] response:		{"error": 0, "message": "successful", "map": {"pager": {"f": {"perType": "2", "startTime": "1453769400", "endTime": "1516927800"}, "pageFlag": "None", "resultList": [], "pageNo": 1, "pageRows": 4, "totalCount": 0, "totalPages": 0, "last": 0, "hasNext": false, "nextPage": 1, "hasPre": false, "prePage": 1, "beginCount": 0, "first": 1}}}
[2018-03-28 14:33:28] [INFO] status:		200
[2018-03-28 14:33:28] [INFO] time:			5
[2018-03-28 14:33:28] [INFO] error:			0
[2018-03-28 14:33:28] [INFO] message:			successful
[2018-03-28 14:33:28] [ERROR] error key:	perSum
[2018-03-28 14:33:28] [ERROR] error key:	addrName
[2018-03-28 14:33:28] [ERROR] 小区抓拍统计接口-查询暂住人口 false
[2018-03-28 14:33:28] [INFO] -------------- Get the result ------------ False
[2018-03-28 14:33:28] [INFO] case_id:		12
[2018-03-28 14:33:28] [INFO] url:			http://192.168.1.80:8080/facebdweb/statistics/syrk/queryRegionPerson
[2018-03-28 14:33:28] [INFO] param:			{"startTime":"2016-1-25 16:50:00","endTime":"2018-1-25 16:50:00", "perType":"3"}
[2018-03-28 14:33:28] [INFO] response:		{"error": 0, "message": "successful", "map": {"pager": {"f": {"perType": "3", "startTime": "1453769400", "endTime": "1516927800"}, "pageFlag": "None", "resultList": [], "pageNo": 1, "pageRows": 4, "totalCount": 0, "totalPages": 0, "last": 0, "hasNext": false, "nextPage": 1, "hasPre": false, "prePage": 1, "beginCount": 0, "first": 1}}}
[2018-03-28 14:33:28] [INFO] status:		200
[2018-03-28 14:33:28] [INFO] time:			5
[2018-03-28 14:33:28] [INFO] error:			0
[2018-03-28 14:33:28] [INFO] message:			successful
[2018-03-28 14:33:28] [ERROR] error key:	perSum
[2018-03-28 14:33:28] [ERROR] error key:	addrName
[2018-03-28 14:33:28] [ERROR] 小区抓拍统计接口-查询流动人口 false
[2018-03-28 14:33:28] [INFO] -------------- Get the result ------------ False
[2018-03-28 14:33:28] [INFO] case_id:		13
[2018-03-28 14:33:28] [INFO] url:			http://192.168.1.80:8080/facebdweb/statistics/syrk/queryRegionPerson
[2018-03-28 14:33:28] [INFO] param:			{"startTime":"2016-1-25 16:50:00","endTime":"2018-1-25 16:50:00", "perType":"4"}
[2018-03-28 14:33:28] [INFO] response:		{"error": 0, "message": "successful", "map": {"pager": {"f": {"perType": "4", "startTime": "1453769400", "endTime": "1516927800"}, "pageFlag": "None", "resultList": [], "pageNo": 1, "pageRows": 4, "totalCount": 0, "totalPages": 0, "last": 0, "hasNext": false, "nextPage": 1, "hasPre": false, "prePage": 1, "beginCount": 0, "first": 1}}}
[2018-03-28 14:33:28] [INFO] error:			0
[2018-03-28 14:33:28] [INFO] status:		200
[2018-03-28 14:33:28] [INFO] 小区抓拍统计接口-查询其它类型人口 sucess
[2018-03-28 14:33:28] [INFO] -------------- Get the result ------------ Pass
[2018-03-28 14:33:28] [INFO] case_id:		14
[2018-03-28 14:33:28] [INFO] url:			http://192.168.1.80:8080/facebdweb/statistics/syrk/queryRegionPerson
[2018-03-28 14:33:28] [INFO] param:			{"startTime":"2016-1-25 16:50:00","endTime":"2018-1-25 16:50:00", "perType":"null","pageRows":"2","pageNo":"2","pageFlag":"pageFlag"}
[2018-03-28 14:33:28] [INFO] response:		{"error": 0, "message": "successful", "map": {"pager": {"f": {"perType": "None", "startTime": "1453769400", "endTime": "1516927800"}, "pageFlag": "pageFlag", "resultList": [], "pageNo": 2, "pageRows": 2, "totalCount": 0, "totalPages": 0, "last": 0, "hasNext": false, "nextPage": 2, "hasPre": true, "prePage": 1, "beginCount": 2, "first": 3}}}
[2018-03-28 14:33:28] [ERROR] error key:	code
[2018-03-28 14:33:28] [INFO] error:			0
[2018-03-28 14:33:28] [ERROR] 小区抓拍统计接口-pageFlag分页显示 false
[2018-03-28 14:33:28] [INFO] -------------- Get the result ------------ False
[2018-03-28 14:33:28] [INFO] case_id:		15
[2018-03-28 14:33:28] [INFO] url:			http://192.168.1.80:8080/facebdweb/statistics/syrk/queryRegionPerson
[2018-03-28 14:33:28] [INFO] param:			{"startTime":"2016-1-25 16:50:00","endTime":"2018-1-25 16:50:00", "perType":"null","pageRows":"2","pageNo":"2","pageFlag":""}
[2018-03-28 14:33:28] [INFO] response:		{"error": 0, "message": "successful", "map": {"pager": {"f": {"perType": "None", "startTime": "1453769400", "endTime": "1516927800"}, "pageFlag": "", "resultList": [], "pageNo": 2, "pageRows": 2, "totalCount": 0, "totalPages": 0, "last": 0, "hasNext": false, "nextPage": 2, "hasPre": true, "prePage": 1, "beginCount": 2, "first": 3}}}
[2018-03-28 14:33:28] [ERROR] error key:	code
[2018-03-28 14:33:28] [INFO] error:			0
[2018-03-28 14:33:28] [ERROR] 小区抓拍统计接口-空值分页显示 false
[2018-03-28 14:33:28] [INFO] -------------- Get the result ------------ False
[2018-03-28 14:33:28] [INFO] case_id:		16
[2018-03-28 14:33:28] [INFO] url:			http://192.168.1.80:8080/facebdweb/statistics/syrk/queryRegionPerson
[2018-03-28 14:33:28] [INFO] param:			{"startTime":"2016-1-25 16:50:00","endTime":"2018-1-25 16:50:00", "perType":"null","pageRows":"2","pageNo":"2","pageFlag":"111"}
[2018-03-28 14:33:28] [INFO] response:		{"error": 0, "message": "successful", "map": {"pager": {"f": {"perType": "None", "startTime": "1453769400", "endTime": "1516927800"}, "pageFlag": "111", "resultList": [], "pageNo": 2, "pageRows": 2, "totalCount": 0, "totalPages": 0, "last": 0, "hasNext": false, "nextPage": 2, "hasPre": true, "prePage": 1, "beginCount": 2, "first": 3}}}
[2018-03-28 14:33:28] [ERROR] error key:	code
[2018-03-28 14:33:28] [INFO] error:			0
[2018-03-28 14:33:28] [ERROR] 小区抓拍统计接口-pageFlag为其它数据不分页 false
[2018-03-28 14:33:28] [INFO] -------------- Get the result ------------ False
[2018-03-28 14:33:28] [INFO] case_id:		17
[2018-03-28 14:33:28] [INFO] url:			http://192.168.1.80:8080/facebdweb/statistics/syrk/queryPersonFlow
[2018-03-28 14:33:28] [INFO] param:			{"startTime":"2016-1-25 16:50:00","endTime":"2018-1-25 16:50:00"}
[2018-03-28 14:33:28] [INFO] response:		{"error": 0, "message": "successful", "map": {"f": {"id": "None"}, "perNum": 0}}
[2018-03-28 14:33:28] [ERROR] error key:	code
[2018-03-28 14:33:28] [INFO] error:			0
[2018-03-28 14:33:28] [ERROR] 人员流量统计接口-默认查询 false
[2018-03-28 14:33:28] [INFO] -------------- Get the result ------------ False
[2018-03-28 14:33:28] [INFO] case_id:		18
[2018-03-28 14:33:28] [INFO] url:			http://192.168.1.80:8080/facebdweb/statistics/syrk/queryPersonFlow
[2018-03-28 14:33:28] [INFO] param:			{"startTime":"2016-1-25 16:50:00","endTime":"2018-1-25 16:50:00","areaId":"100"}
[2018-03-28 14:33:28] [INFO] response:		{"error": 0, "message": "successful", "map": {"f": {"id": "None"}, "perNum": 0}}
[2018-03-28 14:33:28] [ERROR] error key:	code
[2018-03-28 14:33:28] [INFO] error:			0
[2018-03-28 14:33:28] [ERROR] 人员流量统计接口-输入小区id false
[2018-03-28 14:33:28] [INFO] -------------- Get the result ------------ False
[2018-03-28 14:33:28] [INFO] case_id:		19
[2018-03-28 14:33:28] [INFO] url:			http://192.168.1.80:8080/facebdweb/query/basicResource
[2018-03-28 14:33:28] [INFO] param:			{}
[2018-03-28 14:33:28] [INFO] response:		{"error": 0, "message": "successful", "map": {"resultList": [{"areaId": 1, "channelLongitude": 106.702341, "buildList": [{"channelLongitude": 106.702394, "name": "1\u53f7\u697c", "unitList": [{"channelLongitude": 106.7023414, "name": "1\u5355\u5143", "unitId": 5, "channelLatitude": 26.573615}, {"channelLongitude": 106.7023415, "name": "2\u5355\u5143", "unitId": 6, "channelLatitude": 26.573616}, {"channelLongitude": 106.7023416, "name": "3\u5355\u5143", "unitId": 7, "channelLatitude": 26.573617}], "buildId": 2, "channelLatitude": 26.57396}, {"channelLongitude": 106.702344, "name": "2\u53f7\u697c", "unitList": [{"channelLongitude": 106.7023417, "name": "1\u5355\u5143", "unitId": 8, "channelLatitude": 26.573618}, {"channelLongitude": 106.7023418, "name": "2\u5355\u5143", "unitId": 9, "channelLatitude": 26.573619}, {"channelLongitude": 106.7023411, "name": "3\u5355\u5143", "unitId": 10, "channelLatitude": 26.573611}, {"channelLongitude": 106.7023412, "name": "4\u5355\u5143", "unitId": 11, "channelLatitude": 26.573512}], "buildId": 3, "channelLatitude": 26.57363}, {"channelLongitude": 106.702312, "name": "3\u53f7\u697c", "unitList": [{"channelLongitude": 106.7023413, "name": "1\u5355\u5143", "unitId": 12, "channelLatitude": 26.573713}, {"channelLongitude": 106.7023414, "name": "2\u5355\u5143", "unitId": 13, "channelLatitude": 26.573714}, {"channelLongitude": 106.7023415, "name": "3\u5355\u5143", "unitId": 14, "channelLatitude": 26.573715}, {"channelLongitude": 106.7023316, "name": "4\u5355\u5143", "unitId": 15, "channelLatitude": 26.573716}], "buildId": 4, "channelLatitude": 26.5733}], "name": "\u661f\u6708\u6e7e\u5c0f\u533a", "channelLatitude": 26.573611}]}}
[2018-03-28 14:33:28] [ERROR] error key:	code
[2018-03-28 14:33:28] [INFO] error:			0
[2018-03-28 14:33:28] [ERROR] 基础资源接口-默认查询 false
[2018-03-28 14:33:28] [INFO] -------------- Get the result ------------ False
[2018-03-28 14:33:28] [INFO] case_id:		20
[2018-03-28 14:33:28] [INFO] url:			http://192.168.1.80:8080/facebdweb/query/basicResource
[2018-03-28 14:33:28] [INFO] param:			{"regionId":"2","areaId":"100"}
[2018-03-28 14:33:28] [INFO] response:		{"error": 0, "message": "successful", "map": {"resultList": [{"areaId": 1, "channelLongitude": 106.702341, "buildList": [{"channelLongitude": 106.702394, "name": "1\u53f7\u697c", "unitList": [{"channelLongitude": 106.7023414, "name": "1\u5355\u5143", "unitId": 5, "channelLatitude": 26.573615}, {"channelLongitude": 106.7023415, "name": "2\u5355\u5143", "unitId": 6, "channelLatitude": 26.573616}, {"channelLongitude": 106.7023416, "name": "3\u5355\u5143", "unitId": 7, "channelLatitude": 26.573617}], "buildId": 2, "channelLatitude": 26.57396}, {"channelLongitude": 106.702344, "name": "2\u53f7\u697c", "unitList": [{"channelLongitude": 106.7023417, "name": "1\u5355\u5143", "unitId": 8, "channelLatitude": 26.573618}, {"channelLongitude": 106.7023418, "name": "2\u5355\u5143", "unitId": 9, "channelLatitude": 26.573619}, {"channelLongitude": 106.7023411, "name": "3\u5355\u5143", "unitId": 10, "channelLatitude": 26.573611}, {"channelLongitude": 106.7023412, "name": "4\u5355\u5143", "unitId": 11, "channelLatitude": 26.573512}], "buildId": 3, "channelLatitude": 26.57363}, {"channelLongitude": 106.702312, "name": "3\u53f7\u697c", "unitList": [{"channelLongitude": 106.7023413, "name": "1\u5355\u5143", "unitId": 12, "channelLatitude": 26.573713}, {"channelLongitude": 106.7023414, "name": "2\u5355\u5143", "unitId": 13, "channelLatitude": 26.573714}, {"channelLongitude": 106.7023415, "name": "3\u5355\u5143", "unitId": 14, "channelLatitude": 26.573715}, {"channelLongitude": 106.7023316, "name": "4\u5355\u5143", "unitId": 15, "channelLatitude": 26.573716}], "buildId": 4, "channelLatitude": 26.5733}], "name": "\u661f\u6708\u6e7e\u5c0f\u533a", "channelLatitude": 26.573611}]}}
[2018-03-28 14:33:28] [ERROR] error key:	code
[2018-03-28 14:33:28] [INFO] error:			0
[2018-03-28 14:33:28] [ERROR] 基础资源接口-输入小区id false
[2018-03-28 14:33:28] [INFO] -------------- Get the result ------------ False
[2018-03-28 14:33:28] [INFO] case_id:		21
[2018-03-28 14:33:28] [INFO] url:			http://192.168.1.80:8080/facebdweb/statistics/syrk/queryRegionAndBulidSum
[2018-03-28 14:33:28] [INFO] param:			{}
[2018-03-28 14:33:28] [CRITICAL] except:	argument of type 'int' is not iterable
[2018-03-28 14:33:28] [INFO] -------------- Get the result ------------ False
[2018-03-28 14:33:28] [INFO] case_id:		22
[2018-03-28 14:33:28] [INFO] url:			http://192.168.1.80:8080/facebdweb/statistics/syrk/queryRegionAndBulidSum
[2018-03-28 14:33:28] [INFO] param:			{"regionId":"2","areaId":"100"}
[2018-03-28 14:33:28] [CRITICAL] except:	argument of type 'int' is not iterable
[2018-03-28 14:33:28] [INFO] -------------- Get the result ------------ False
[2018-03-28 14:33:28] [INFO] case_id:		23
[2018-03-28 14:33:28] [INFO] url:			http://192.168.1.80:8080/facebdweb/statistics/syrk/queryRegionList
[2018-03-28 14:33:28] [INFO] param:			{}
[2018-03-28 14:33:28] [CRITICAL] except:	argument of type 'int' is not iterable
[2018-03-28 14:33:28] [INFO] -------------- Get the result ------------ False
[2018-03-28 14:33:28] [INFO] case_id:		24
[2018-03-28 14:33:28] [INFO] url:			http://192.168.1.80:8080/facebdweb/statistics/syrk/queryRegionList
[2018-03-28 14:33:28] [INFO] param:			{"id":"1"}
[2018-03-28 14:33:28] [CRITICAL] except:	argument of type 'int' is not iterable
[2018-03-28 14:33:28] [INFO] -------------- Get the result ------------ False
[2018-03-28 14:33:28] [INFO] case_id:		25
[2018-03-28 14:33:28] [INFO] url:			http://192.168.1.80:8080/facebdweb/statistics/syrk/queryCompareDetail
[2018-03-28 14:33:28] [INFO] param:			{}
[2018-03-28 14:33:28] [CRITICAL] except:	argument of type 'int' is not iterable
[2018-03-28 14:33:28] [INFO] -------------- Get the result ------------ False
[2018-03-28 14:33:28] [INFO] case_id:		26
[2018-03-28 14:33:28] [INFO] url:			http://192.168.1.80:8080/facebdweb/statistics/syrk/queryCompareDetail
[2018-03-28 14:33:28] [INFO] param:			{"id":"420582198411120653"}
[2018-03-28 14:33:28] [CRITICAL] except:	argument of type 'int' is not iterable
[2018-03-28 14:33:28] [INFO] -------------- Get the result ------------ False
[2018-03-28 14:33:28] [INFO] case_id:		27
[2018-03-28 14:33:28] [INFO] url:			http://192.168.1.80:8080/facebdweb/syrk/queryCapPictureByPage
[2018-03-28 14:33:28] [INFO] param:			{"startTime":"2016-1-25 16:50:00","endTime":"2018-1-25 16:50:00","id":"230800197602266825"}
[2018-03-28 14:33:28] [CRITICAL] except:	argument of type 'int' is not iterable
[2018-03-28 14:33:28] [INFO] -------------- Get the result ------------ False
[2018-03-28 14:33:28] [INFO] case_id:		28
[2018-03-28 14:33:28] [INFO] url:			http://192.168.1.80:8080/facebdweb/syrk/queryCapPictureByPage
[2018-03-28 14:33:28] [INFO] param:			{"startTime":"2016-1-25 16:50:00","endTime":"2018-1-25 16:50:00","id":"230800197602266825","pageRows":"2","pageNo":"2","pageFlag":"pageFlag"}
[2018-03-28 14:33:28] [CRITICAL] except:	argument of type 'int' is not iterable
[2018-03-28 14:33:28] [INFO] -------------- Get the result ------------ False
[2018-03-28 14:33:28] [INFO] case_id:		29
[2018-03-28 14:33:28] [INFO] url:			http://192.168.1.80:8080/facebdweb/syrk/queryCapPictureByPage
[2018-03-28 14:33:28] [INFO] param:			{"startTime":"2016-1-25 16:50:00","endTime":"2018-1-25 16:50:00","id":"230800197602266825","pageRows":"2","pageNo":"2","pageFlag":""}
[2018-03-28 14:33:28] [CRITICAL] except:	argument of type 'int' is not iterable
[2018-03-28 14:33:28] [INFO] -------------- Get the result ------------ False
[2018-03-28 14:33:28] [INFO] case_id:		30
[2018-03-28 14:33:28] [INFO] url:			http://192.168.1.80:8080/facebdweb/syrk/queryCapPictureByPage
[2018-03-28 14:33:28] [INFO] param:			{"startTime":"2016-1-25 16:50:00","endTime":"2018-1-25 16:50:00","id":"230800197602266825","pageRows":"2","pageNo":"2","pageFlag":"111"}
[2018-03-28 14:33:28] [CRITICAL] except:	argument of type 'int' is not iterable
[2018-03-28 14:33:28] [INFO] -------------- Get the result ------------ False
[2018-03-28 14:33:28] [INFO] case_id:		31
[2018-03-28 14:33:28] [INFO] url:			http://192.168.1.80:8080/facebdweb/syrk/query/queryChannelByName
[2018-03-28 14:33:28] [INFO] param:			{"queryChannelByName":"72f3e2369eb8475eb2369c5652bdbf9c"}
[2018-03-28 14:33:28] [CRITICAL] except:	argument of type 'int' is not iterable
[2018-03-28 14:33:28] [INFO] -------------- Get the result ------------ False
[2018-03-28 14:33:28] [INFO] case_id:		32
[2018-03-28 14:33:28] [INFO] url:			http://192.168.1.80:8080/facebdweb/channel/queryChannel
[2018-03-28 14:33:28] [INFO] param:			{"id":"1"}
[2018-03-28 14:33:28] [INFO] response:		{"error": 0, "message": "successful", "map": {"resultList": [{"channelLongitude": 0.0, "channelNo": "52_#_51000001_1_101", "channelUid": "rlcs", "channelType": 0, "uuid": "72f3e2369eb8475eb2369c5652bdbf34", "channelDescription": null, "channelPort": 9000, "regionId": 46, "channelPsw": "123456", "channelName": "LOUT", "channelAddr": "52.3.1.15", "channelGuid": "52_#_51000001_1_101", "isDel": 0, "channelLatitude": 0.0, "channelVerid": null}, {"channelLongitude": 0.0, "channelNo": "52_#_51000013_1_101", "channelUid": "admin", "channelType": 0, "uuid": "811d6bd09b764ff4987f28d1472fc7c8", "channelDescription": null, "channelPort": 10002, "regionId": 6, "channelPsw": "admin", "channelName": "\u660c\u5d14\u8def1\u901a\u9053", "channelAddr": "rtsp://admin:AGV10086@192.168.1.89:554", "channelGuid": "52_#_51000013_1_101", "isDel": 0, "channelLatitude": 0.0, "channelVerid": null}]}}
[2018-03-28 14:33:28] [ERROR] error key:	code
[2018-03-28 14:33:28] [INFO] error:			0
[2018-03-28 14:33:28] [ERROR] 分页查询区域下的所有通道接口-默认查询 false
[2018-03-28 14:33:28] [INFO] -------------- Get the result ------------ False
[2018-03-28 14:33:28] [INFO] case_id:		33
[2018-03-28 14:33:28] [INFO] url:			http://192.168.1.80:8080/facebdweb/channel/queryChannel
[2018-03-28 14:33:28] [INFO] param:			{"id":"1","pageRows":"2","pageNo":"2","pageFlag":"pageFlag"}
[2018-03-28 14:33:28] [INFO] response:		{"error": 0, "message": "successful", "map": {"resultList": [{"channelLongitude": 0.0, "channelNo": "52_#_51000001_1_101", "channelUid": "rlcs", "channelType": 0, "uuid": "72f3e2369eb8475eb2369c5652bdbf34", "channelDescription": null, "channelPort": 9000, "regionId": 46, "channelPsw": "123456", "channelName": "LOUT", "channelAddr": "52.3.1.15", "channelGuid": "52_#_51000001_1_101", "isDel": 0, "channelLatitude": 0.0, "channelVerid": null}, {"channelLongitude": 0.0, "channelNo": "52_#_51000013_1_101", "channelUid": "admin", "channelType": 0, "uuid": "811d6bd09b764ff4987f28d1472fc7c8", "channelDescription": null, "channelPort": 10002, "regionId": 6, "channelPsw": "admin", "channelName": "\u660c\u5d14\u8def1\u901a\u9053", "channelAddr": "rtsp://admin:AGV10086@192.168.1.89:554", "channelGuid": "52_#_51000013_1_101", "isDel": 0, "channelLatitude": 0.0, "channelVerid": null}]}}
[2018-03-28 14:33:28] [ERROR] error:	0
[2018-03-28 14:33:28] [INFO] -------------- Get the result ------------ False
[2018-03-28 14:33:29] [INFO] case_id:		34
[2018-03-28 14:33:29] [INFO] url:			http://192.168.1.80:8080/facebdweb/channel/queryChannel
[2018-03-28 14:33:29] [INFO] param:			{"id":"1","pageRows":"2","pageNo":"2","pageFlag":""}
[2018-03-28 14:33:29] [INFO] response:		{"error": 0, "message": "successful", "map": {"resultList": [{"channelLongitude": 0.0, "channelNo": "52_#_51000001_1_101", "channelUid": "rlcs", "channelType": 0, "uuid": "72f3e2369eb8475eb2369c5652bdbf34", "channelDescription": null, "channelPort": 9000, "regionId": 46, "channelPsw": "123456", "channelName": "LOUT", "channelAddr": "52.3.1.15", "channelGuid": "52_#_51000001_1_101", "isDel": 0, "channelLatitude": 0.0, "channelVerid": null}, {"channelLongitude": 0.0, "channelNo": "52_#_51000013_1_101", "channelUid": "admin", "channelType": 0, "uuid": "811d6bd09b764ff4987f28d1472fc7c8", "channelDescription": null, "channelPort": 10002, "regionId": 6, "channelPsw": "admin", "channelName": "\u660c\u5d14\u8def1\u901a\u9053", "channelAddr": "rtsp://admin:AGV10086@192.168.1.89:554", "channelGuid": "52_#_51000013_1_101", "isDel": 0, "channelLatitude": 0.0, "channelVerid": null}]}}
[2018-03-28 14:33:29] [ERROR] error:	0
[2018-03-28 14:33:29] [INFO] -------------- Get the result ------------ False
[2018-03-28 14:33:29] [INFO] case_id:		35
[2018-03-28 14:33:29] [INFO] url:			http://192.168.1.80:8080/facebdweb/channel/queryChannel
[2018-03-28 14:33:29] [INFO] param:			{"id":"1","pageRows":"2","pageNo":"2","pageFlag":"111"}
[2018-03-28 14:33:29] [INFO] response:		{"error": 0, "message": "successful", "map": {"resultList": [{"channelLongitude": 0.0, "channelNo": "52_#_51000001_1_101", "channelUid": "rlcs", "channelType": 0, "uuid": "72f3e2369eb8475eb2369c5652bdbf34", "channelDescription": null, "channelPort": 9000, "regionId": 46, "channelPsw": "123456", "channelName": "LOUT", "channelAddr": "52.3.1.15", "channelGuid": "52_#_51000001_1_101", "isDel": 0, "channelLatitude": 0.0, "channelVerid": null}, {"channelLongitude": 0.0, "channelNo": "52_#_51000013_1_101", "channelUid": "admin", "channelType": 0, "uuid": "811d6bd09b764ff4987f28d1472fc7c8", "channelDescription": null, "channelPort": 10002, "regionId": 6, "channelPsw": "admin", "channelName": "\u660c\u5d14\u8def1\u901a\u9053", "channelAddr": "rtsp://admin:AGV10086@192.168.1.89:554", "channelGuid": "52_#_51000013_1_101", "isDel": 0, "channelLatitude": 0.0, "channelVerid": null}]}}
[2018-03-28 14:33:29] [ERROR] error key:	code
[2018-03-28 14:33:29] [INFO] error:			0
[2018-03-28 14:33:29] [ERROR] 分页查询区域下的所有通道接口-pageFlag为其他值不分页显示 false
[2018-03-28 14:33:29] [INFO] -------------- Get the result ------------ False
[2018-03-28 14:33:29] [INFO] case_id:		36
[2018-03-28 14:33:29] [INFO] url:			http://192.168.1.80:8080/facebdweb/syrk/addorupdateRegion
[2018-03-28 14:33:29] [INFO] param:			{"parentId":"1","id":"11","regionName":"星月湾小区1号楼","regionLongitude":"106.702394","regionLatitude":"26.57396","level":"4","desc":"123"}
[2018-03-28 14:33:29] [CRITICAL] except:	argument of type 'int' is not iterable
[2018-03-28 14:33:29] [INFO] -------------- Get the result ------------ False
[2018-03-28 14:33:29] [INFO] case_id:		37
[2018-03-28 14:33:29] [INFO] url:			http://192.168.1.80:8080/facebdweb/syrk/addorupdateRegion
[2018-03-28 14:33:29] [INFO] param:			{"parentId":"1","id":"11","regionName":"星月湾小区1号楼","regionLongitude":"106.702394","regionLatitude":"26.57396","level":"4","desc":"123123123"}
[2018-03-28 14:33:29] [CRITICAL] except:	argument of type 'int' is not iterable
[2018-03-28 14:33:29] [INFO] -------------- Get the result ------------ False
[2018-03-28 14:33:29] [INFO] case_id:		38
[2018-03-28 14:33:29] [INFO] url:			http://192.168.1.80:8080/facebdweb/channel/addorupdateChannel
[2018-03-28 14:33:29] [INFO] param:			{"regionId":"1","name":"test","channelLongitude":"0","channelLatitude":"0","channelArea":"null","channelDescription":"test","channelType":"0","channelAddr":"rtsp://admin:agv10086@192.168.1.74:554","channelPort":"10002","channelUid":"admin","channelPsw":"admin","channelNo":"52_#_51000100_1_103","channelGuid":"52_#_51000100_1_103","channelDirect":"1","minFaceWidth":"96","minImgQuality":"2","minCapDistance":"20","maxSaveDistance":"0","maxYaw":"30","maxRoll":"30","maxPitch":"30","uuid":null,"capStat":"1"}
[2018-03-28 14:33:29] [CRITICAL] except:	argument of type 'int' is not iterable
[2018-03-28 14:33:29] [INFO] -------------- Get the result ------------ False
[2018-03-28 14:33:29] [INFO] case_id:		39
[2018-03-28 14:33:29] [INFO] url:			http://192.168.1.80:8080/facebdweb/channel/addorupdateChannel
[2018-03-28 14:33:29] [INFO] param:			{"regionId":"1","name":"test","channelLongitude":"0","channelLatitude":"0","channelArea":"null","channelDescription":"test","channelType":"0","channelAddr":"rtsp://admin:agv10086@192.168.1.74:554","channelPort":"10002","channelUid":"admin","channelPsw":"admin","channelNo":"52_#_51000100_1_103","channelGuid":"52_#_51000100_1_103","channelDirect":"1","minFaceWidth":"96","minImgQuality":"2","minCapDistance":"20","maxSaveDistance":"0","maxYaw":"30","maxRoll":"30","maxPitch":"30","uuid":"811d6bd09b764ff4987f28d1472fc7c11","capStat":"1"}
[2018-03-28 14:33:29] [CRITICAL] except:	argument of type 'int' is not iterable
[2018-03-28 14:33:29] [INFO] -------------- Get the result ------------ False
[2018-03-28 14:33:29] [INFO] case_id:		40
[2018-03-28 14:33:29] [INFO] url:			http://192.168.1.80:8080/facebdweb/channel/addorupdateChannel
[2018-03-28 14:33:29] [INFO] param:			{"regionId":"1","name":"test","channelLongitude":"0","channelLatitude":"0","channelArea":"null","channelDescription":"test","channelType":"0","channelAddr":"rtsp://admin:agv10086@192.168.1.74:554","channelPort":"10002","channelUid":"admin","channelPsw":"admin","channelNo":"52_#_51000100_1_103","channelGuid":"52_#_51000100_1_103","channelDirect":"1","minFaceWidth":"96","minImgQuality":"2","minCapDistance":"20","maxSaveDistance":"0","maxYaw":"30","maxRoll":"30","maxPitch":"30","uuid":"811d6bd09b764ff4987f28d1472fc7c11","capStat":"1"}
[2018-03-28 14:33:29] [CRITICAL] except:	argument of type 'int' is not iterable
[2018-03-28 14:33:29] [INFO] -------------- Get the result ------------ False
[2018-03-28 14:33:29] [INFO] case_id:		41
[2018-03-28 14:33:29] [INFO] url:			http://192.168.1.80:8080/facebdweb/channel/addorupdateChannel
[2018-03-28 14:33:29] [INFO] param:			{"regionId":"1","name":"test","channelLongitude":"0","channelLatitude":"0","channelArea":"null","channelDescription":"test","channelType":"0","channelAddr":"rtsp://admin:agv10086@192.168.1.74:554","channelPort":"10002","channelUid":"admin","channelPsw":"admin","channelNo":"52_#_51000100_1_103","channelGuid":"52_#_51000100_1_103","channelDirect":"2","minFaceWidth":"96","minImgQuality":"2","minCapDistance":"20","maxSaveDistance":"0","maxYaw":"30","maxRoll":"30","maxPitch":"30","uuid":"811d6bd09b764ff4987f28d1472fc7c11","capStat":"1"}
[2018-03-28 14:33:29] [CRITICAL] except:	argument of type 'int' is not iterable
[2018-03-28 14:33:29] [INFO] -------------- Get the result ------------ False
[2018-03-28 14:33:29] [INFO] case_id:		42
[2018-03-28 14:33:29] [INFO] url:			http://192.168.1.80:8080/facebdweb/channel/addorupdateChannel
[2018-03-28 14:33:29] [INFO] param:			{"regionId":"1","name":"test","channelLongitude":"0","channelLatitude":"0","channelArea":"null","channelDescription":"test","channelType":"0","channelAddr":"rtsp://admin:agv10086@192.168.1.74:554","channelPort":"10002","channelUid":"admin","channelPsw":"admin","channelNo":"52_#_51000100_1_103","channelGuid":"52_#_51000100_1_103","channelDirect":"3","minFaceWidth":"96","minImgQuality":"2","minCapDistance":"20","maxSaveDistance":"0","maxYaw":"30","maxRoll":"30","maxPitch":"30","uuid":"811d6bd09b764ff4987f28d1472fc7c11","capStat":"1"}
[2018-03-28 14:33:29] [CRITICAL] except:	argument of type 'int' is not iterable
[2018-03-28 14:33:29] [INFO] -------------- Get the result ------------ False
[2018-03-28 14:33:29] [INFO] case_id:		43
[2018-03-28 14:33:29] [INFO] url:			http://192.168.1.80:8080/facebdweb/channel/addorupdateChannel
[2018-03-28 14:33:29] [INFO] param:			{"regionId":"1","name":"test","channelLongitude":"0","channelLatitude":"0","channelArea":"null","channelDescription":"test","channelType":"0","channelAddr":"rtsp://admin:agv10086@192.168.1.74:554","channelPort":"10002","channelUid":"admin","channelPsw":"admin","channelNo":"52_#_51000100_1_103","channelGuid":"52_#_51000100_1_103","channelDirect":"4","minFaceWidth":"96","minImgQuality":"2","minCapDistance":"20","maxSaveDistance":"0","maxYaw":"30","maxRoll":"30","maxPitch":"30","uuid":"811d6bd09b764ff4987f28d1472fc7c11","capStat":"1"}
[2018-03-28 14:33:29] [CRITICAL] except:	argument of type 'int' is not iterable
[2018-03-28 14:33:29] [INFO] -------------- Get the result ------------ False
[2018-03-28 14:33:29] [INFO] case_id:		44
[2018-03-28 14:33:29] [INFO] url:			http://192.168.1.80:8080/facebdweb/channel/addorupdateChannel
[2018-03-28 14:33:29] [INFO] param:			{"regionId":"1","name":"test","channelLongitude":"0","channelLatitude":"0","channelArea":"null","channelDescription":"test","channelType":"0","channelAddr":"rtsp://admin:agv10086@192.168.1.74:554","channelPort":"10002","channelUid":"admin","channelPsw":"admin","channelNo":"52_#_51000100_1_103","channelGuid":"52_#_51000100_1_103","channelDirect":"5","minFaceWidth":"96","minImgQuality":"2","minCapDistance":"20","maxSaveDistance":"0","maxYaw":"30","maxRoll":"30","maxPitch":"30","uuid":"811d6bd09b764ff4987f28d1472fc7c11","capStat":"1"}
[2018-03-28 14:33:29] [CRITICAL] except:	argument of type 'int' is not iterable
[2018-03-28 14:33:29] [INFO] -------------- Get the result ------------ False
[2018-03-28 14:33:29] [INFO] case_id:		45
[2018-03-28 14:33:29] [INFO] url:			http://192.168.1.80:8080/facebdweb/channel/addorupdateChannel
[2018-03-28 14:33:29] [INFO] param:			{"regionId":"1","name":"test","channelLongitude":"0","channelLatitude":"0","channelArea":"null","channelDescription":"test","channelType":"0","channelAddr":"rtsp://admin:agv10086@192.168.1.74:554","channelPort":"10002","channelUid":"admin","channelPsw":"admin","channelNo":"52_#_51000100_1_103","channelGuid":"52_#_51000100_1_103","channelDirect":"6","minFaceWidth":"96","minImgQuality":"2","minCapDistance":"20","maxSaveDistance":"0","maxYaw":"30","maxRoll":"30","maxPitch":"30","uuid":"811d6bd09b764ff4987f28d1472fc7c11","capStat":"1"}
[2018-03-28 14:33:29] [CRITICAL] except:	argument of type 'int' is not iterable
[2018-03-28 14:33:29] [INFO] -------------- Get the result ------------ False
[2018-03-28 14:33:29] [INFO] case_id:		46
[2018-03-28 14:33:29] [INFO] url:			http://192.168.1.80:8080/facebdweb/channel/addorupdateChannel
[2018-03-28 14:33:29] [INFO] param:			{"regionId":"1","name":"test","channelLongitude":"0","channelLatitude":"0","channelArea":"null","channelDescription":"test","channelType":"0","channelAddr":"rtsp://admin:agv10086@192.168.1.74:554","channelPort":"10002","channelUid":"admin","channelPsw":"admin","channelNo":"52_#_51000100_1_103","channelGuid":"52_#_51000100_1_103","channelDirect":"7","minFaceWidth":"96","minImgQuality":"2","minCapDistance":"20","maxSaveDistance":"0","maxYaw":"30","maxRoll":"30","maxPitch":"30","uuid":"811d6bd09b764ff4987f28d1472fc7c11","capStat":"1"}
[2018-03-28 14:33:29] [CRITICAL] except:	argument of type 'int' is not iterable
[2018-03-28 14:33:29] [INFO] -------------- Get the result ------------ False
[2018-03-28 14:33:29] [INFO] case_id:		47
[2018-03-28 14:33:29] [INFO] url:			http://192.168.1.80:8080/facebdweb/channel/addorupdateChannel
[2018-03-28 14:33:29] [INFO] param:			{"regionId":"1","name":"test","channelLongitude":"0","channelLatitude":"0","channelArea":"null","channelDescription":"test","channelType":"0","channelAddr":"rtsp://admin:agv10086@192.168.1.74:554","channelPort":"10002","channelUid":"admin","channelPsw":"admin","channelNo":"52_#_51000100_1_103","channelGuid":"52_#_51000100_1_103","channelDirect":"8","minFaceWidth":"96","minImgQuality":"2","minCapDistance":"20","maxSaveDistance":"0","maxYaw":"30","maxRoll":"30","maxPitch":"30","uuid":"811d6bd09b764ff4987f28d1472fc7c11","capStat":"1"}
[2018-03-28 14:33:29] [CRITICAL] except:	argument of type 'int' is not iterable
[2018-03-28 14:33:29] [INFO] -------------- Get the result ------------ False
[2018-03-28 14:33:29] [INFO] case_id:		48
[2018-03-28 14:33:29] [INFO] url:			http://192.168.1.80:8080/facebdweb/channel/addorupdateChannel
[2018-03-28 14:33:29] [INFO] param:			{"regionId":"1","name":"test","channelLongitude":"0","channelLatitude":"0","channelArea":"null","channelDescription":"test","channelType":"0","channelAddr":"rtsp://admin:agv10086@192.168.1.74:554","channelPort":"10002","channelUid":"admin","channelPsw":"admin","channelNo":"52_#_51000100_1_103","channelGuid":"52_#_51000100_1_103","channelDirect":"1","minFaceWidth":"96","minImgQuality":"2","minCapDistance":"20","maxSaveDistance":"0","maxYaw":"30","maxRoll":"30","maxPitch":"30","uuid":"811d6bd09b764ff4987f28d1472fc7c11","capStat":"0"}
[2018-03-28 14:33:29] [CRITICAL] except:	argument of type 'int' is not iterable
[2018-03-28 14:33:29] [INFO] -------------- Get the result ------------ False
[2018-03-28 14:33:29] [INFO] case_id:		49
[2018-03-28 14:33:29] [INFO] url:			http://192.168.1.80:8080/facebdweb/channel/addorupdateChannel
[2018-03-28 14:33:29] [INFO] param:			{"regionId":"1","name":"test","channelLongitude":"0","channelLatitude":"0","channelArea":"null","channelDescription":"test","channelType":"0","channelAddr":"rtsp://admin:agv10086@192.168.1.74:554","channelPort":"10002","channelUid":"admin","channelPsw":"admin","channelNo":"52_#_51000100_1_103","channelGuid":"52_#_51000100_1_103","channelDirect":"1","minFaceWidth":"96","minImgQuality":"2","minCapDistance":"20","maxSaveDistance":"0","maxYaw":"30","maxRoll":"30","maxPitch":"30","uuid":"811d6bd09b764ff4987f28d1472fc7c11","capStat":"1"}
[2018-03-28 14:33:29] [CRITICAL] except:	argument of type 'int' is not iterable
[2018-03-28 14:33:29] [INFO] -------------- Get the result ------------ False
[2018-03-28 14:33:29] [INFO] case_id:		50
[2018-03-28 14:33:29] [INFO] url:			http://192.168.1.80:8080/facebdweb/channel/addorupdateChannel
[2018-03-28 14:33:29] [INFO] param:			{"regionId":"1","name":"test","channelLongitude":"0","channelLatitude":"0","channelArea":"null","channelDescription":"test","channelType":"0","channelAddr":"rtsp://admin:agv10086@192.168.1.74:554","channelPort":"10002","channelUid":"admin","channelPsw":"admin","channelNo":"52_#_51000100_1_103","channelGuid":"52_#_51000100_1_103","channelDirect":"1","minFaceWidth":"96","minImgQuality":"2","minCapDistance":"20","maxSaveDistance":"0","maxYaw":"30","maxRoll":"30","maxPitch":"30","uuid":"811d6bd09b764ff4987f28d1472fc7c11","capStat":"2"}
[2018-03-28 14:33:29] [CRITICAL] except:	argument of type 'int' is not iterable
[2018-03-28 14:33:29] [INFO] -------------- Get the result ------------ False
[2018-03-28 14:33:29] [INFO] case_id:		51
[2018-03-28 14:33:29] [INFO] url:			http://192.168.1.80:8080/facebdweb/channel/addorupdateChannel
[2018-03-28 14:33:29] [INFO] param:			{"regionId":"1","name":"test","channelLongitude":"0","channelLatitude":"0","channelArea":"null","channelDescription":"test","channelType":"0","channelAddr":"rtsp://admin:agv10086@192.168.1.74:554","channelPort":"10002","channelUid":"admin","channelPsw":"admin","channelNo":"52_#_51000100_1_103","channelGuid":"52_#_51000100_1_103","channelDirect":"-10","minFaceWidth":"96","minImgQuality":"2","minCapDistance":"20","maxSaveDistance":"0","maxYaw":"30","maxRoll":"30","maxPitch":"30","uuid":"811d6bd09b764ff4987f28d1472fc7c11","capStat":"2"}
[2018-03-28 14:33:29] [CRITICAL] except:	argument of type 'int' is not iterable
[2018-03-28 14:33:29] [INFO] -------------- Get the result ------------ False
[2018-03-28 14:33:29] [INFO] case_id:		52
[2018-03-28 14:33:29] [INFO] url:			http://192.168.1.80:8080/facebdweb/channel/addorupdateChannel
[2018-03-28 14:33:29] [INFO] param:			{"regionId":"1","name":"test","channelLongitude":"0","channelLatitude":"0","channelArea":"null","channelDescription":"test","channelType":"0","channelAddr":"rtsp://admin:agv10086@192.168.1.74:554","channelPort":"10002","channelUid":"admin","channelPsw":"admin","channelNo":"52_#_51000100_1_103","channelGuid":"52_#_51000100_1_103","channelDirect":"1","minFaceWidth":"96","minImgQuality":"2","minCapDistance":"20","maxSaveDistance":"0","maxYaw":"30","maxRoll":"30","maxPitch":"30","uuid":"811d6bd09b764ff4987f28d1472fc7c11","capStat":"-2"}
[2018-03-28 14:33:29] [CRITICAL] except:	argument of type 'int' is not iterable
[2018-03-28 14:33:29] [INFO] -------------- Get the result ------------ False
[2018-03-28 14:33:29] [INFO] case_id:		53
[2018-03-28 14:33:29] [INFO] url:			http://192.168.1.80:8080/facebdweb/channel/selectChannelByPrimaryKey
[2018-03-28 14:33:29] [INFO] param:			{"id":"72f3e2369eb8475eb2369c5652bdbf9c"}
[2018-03-28 14:33:29] [CRITICAL] except:	argument of type 'int' is not iterable
[2018-03-28 14:33:29] [INFO] -------------- Get the result ------------ False
[2018-03-28 14:33:29] [INFO] case_id:		54
[2018-03-28 14:33:29] [INFO] url:			http://192.168.1.80:8080/facebdweb/channel/selectChannelByPrimaryKey
[2018-03-28 14:33:29] [INFO] param:			{"id":"72f3dbf9c"}
[2018-03-28 14:33:29] [CRITICAL] except:	argument of type 'int' is not iterable
[2018-03-28 14:33:29] [INFO] -------------- Get the result ------------ False
[2018-03-28 14:33:29] [INFO] case_id:		55
[2018-03-28 14:33:29] [INFO] url:			http://192.168.1.80:8080/facebdweb/statistics/syrk/queryRealPersonList
[2018-03-28 14:33:29] [INFO] param:			{"f":{"startTime":"2016-1-29 11:31:59","endTime":"2018-1-29 11:31:59","regionId":"1","capType":"0"}}
[2018-03-28 14:33:29] [CRITICAL] except:	argument of type 'int' is not iterable
[2018-03-28 14:33:29] [INFO] -------------- Get the result ------------ False
[2018-03-28 14:33:29] [INFO] case_id:		56
[2018-03-28 14:33:29] [INFO] url:			http://192.168.1.80:8080/facebdweb/statistics/syrk/queryRealPersonList
[2018-03-28 14:33:29] [INFO] param:			{"f":{"startTime":"2016-1-29 11:31:59","endTime":"2018-1-29 11:31:59","regionId":"1","capType":"1"}}
[2018-03-28 14:33:29] [CRITICAL] except:	argument of type 'int' is not iterable
[2018-03-28 14:33:29] [INFO] -------------- Get the result ------------ False
[2018-03-28 14:33:29] [INFO] case_id:		57
[2018-03-28 14:33:29] [INFO] url:			http://192.168.1.80:8080/facebdweb/statistics/syrk/queryRealPersonList
[2018-03-28 14:33:29] [INFO] param:			{"f":{"startTime":"2016-1-29 11:31:59","endTime":"2018-1-29 11:31:59","regionId":"1","capType":"3"}}
[2018-03-28 14:33:29] [CRITICAL] except:	argument of type 'int' is not iterable
[2018-03-28 14:33:29] [INFO] -------------- Get the result ------------ False
[2018-03-28 14:33:29] [INFO] case_id:		58
[2018-03-28 14:33:29] [INFO] url:			http://192.168.1.80:8080/facebdweb/statistics/syrk/queryRealPersonList
[2018-03-28 14:33:29] [INFO] param:			{"f":{"startTime":"2016-1-29 11:31:59","endTime":"2018-1-29 11:31:59","regionId":"1","capType":"4"}}
[2018-03-28 14:33:29] [CRITICAL] except:	argument of type 'int' is not iterable
[2018-03-28 14:33:29] [INFO] -------------- Get the result ------------ False
[2018-03-28 14:33:29] [INFO] case_id:		59
[2018-03-28 14:33:29] [INFO] url:			http://192.168.1.80:8080/facebdweb/statistics/syrk/queryRealPersonList
[2018-03-28 14:33:29] [INFO] param:			{"f":{"startTime":"2016-1-29 11:31:59","endTime":"2018-1-29 11:31:59","regionId":"1","capType":"5"}}
[2018-03-28 14:33:29] [CRITICAL] except:	argument of type 'int' is not iterable
[2018-03-28 14:33:29] [INFO] -------------- Get the result ------------ False
[2018-03-28 14:33:29] [INFO] case_id:		60
[2018-03-28 14:33:29] [INFO] url:			http://192.168.1.80:8080/facebdweb/statistics/syrk/queryRealPersonList
[2018-03-28 14:33:29] [INFO] param:			{"f":{"startTime":"2016-1-29 11:31:59","endTime":"2018-1-29 11:31:59","regionId":"1","capType":"0"},"pageRows":"2","pageNo":"2","pageFlag":"pageFlag"}
[2018-03-28 14:33:29] [CRITICAL] except:	argument of type 'int' is not iterable
[2018-03-28 14:33:29] [INFO] -------------- Get the result ------------ False
[2018-03-28 14:33:29] [INFO] case_id:		61
[2018-03-28 14:33:29] [INFO] url:			http://192.168.1.80:8080/facebdweb/statistics/syrk/queryRealPersonList
[2018-03-28 14:33:29] [INFO] param:			{"f":{"startTime":"2016-1-29 11:31:59","endTime":"2018-1-29 11:31:59","regionId":"1","capType":"0"},"pageRows":"2","pageNo":"2","pageFlag":""}
[2018-03-28 14:33:29] [CRITICAL] except:	argument of type 'int' is not iterable
[2018-03-28 14:33:29] [INFO] -------------- Get the result ------------ False
[2018-03-28 14:33:29] [INFO] case_id:		62
[2018-03-28 14:33:29] [INFO] url:			http://192.168.1.80:8080/facebdweb/statistics/syrk/queryRealPersonList
[2018-03-28 14:33:29] [INFO] param:			{"f":{"startTime":"2016-1-29 11:31:59","endTime":"2018-1-29 11:31:59","regionId":"1","capType":"0"},"pageRows":"2","pageNo":"2","pageFlag":"111"}
[2018-03-28 14:33:29] [CRITICAL] except:	argument of type 'int' is not iterable
[2018-03-28 14:33:29] [INFO] -------------- Get the result ------------ False
[2018-03-28 14:33:29] [INFO] case_id:		63
[2018-03-28 14:33:29] [INFO] url:			http://192.168.1.80:8080/facebdweb/statistics/syrk/queryRealPersonList
[2018-03-28 14:33:29] [INFO] param:			{"f":{"startTime":"2016-1-29 11:31:59","endTime":"2018-1-29 11:31:59","regionId":"1","capType":"-10"},"pageRows":"2","pageNo":"2","pageFlag":"111"}
[2018-03-28 14:33:29] [CRITICAL] except:	argument of type 'int' is not iterable
[2018-03-28 14:33:29] [INFO] -------------- Get the result ------------ False
[2018-03-28 14:33:29] [INFO] case_id:		64
[2018-03-28 14:33:29] [INFO] url:			http://192.168.1.80:8080/facebdweb/statistics/syrk/queryRealPersonList
[2018-03-28 14:33:29] [INFO] param:			{"f":{"endTime":"2016-1-29 11:31:59","regionId":"1","capType":"0"},"pageRows":"2","pageNo":"2","pageFlag":"111"}
[2018-03-28 14:33:29] [CRITICAL] except:	argument of type 'int' is not iterable
[2018-03-28 14:33:29] [INFO] -------------- Get the result ------------ False
[2018-03-28 14:33:29] [INFO] case_id:		65
[2018-03-28 14:33:29] [INFO] url:			http://192.168.1.80:8080/facebdweb/statistics/syrk/queryRealPersonList
[2018-03-28 14:33:29] [INFO] param:			{"f":{"startTime":"2016-1-29 11:31:59","regionId":"1","capType":"0"},"pageRows":"2","pageNo":"2","pageFlag":"111"}
[2018-03-28 14:33:29] [CRITICAL] except:	argument of type 'int' is not iterable
[2018-03-28 14:33:29] [INFO] -------------- Get the result ------------ False
[2018-03-28 14:33:29] [INFO] case_id:		66
[2018-03-28 14:33:29] [INFO] url:			http://192.168.1.80:8080/facebdweb/statistics/syrk/queryRealPersonList
[2018-03-28 14:33:29] [INFO] param:			{"f":{"startTime":"2016-1-29123 11:31:59","endTime":"2018-1-29 11:31:59","regionId":"1","capType":"0"},"pageRows":"2","pageNo":"2","pageFlag":"111"}
[2018-03-28 14:33:29] [CRITICAL] except:	argument of type 'int' is not iterable
[2018-03-28 14:33:29] [INFO] -------------- Get the result ------------ False
[2018-03-28 14:33:29] [INFO] case_id:		67
[2018-03-28 14:33:29] [INFO] url:			http://192.168.1.80:8080/facebdweb/statistics/syrk/queryRealPersonDetails
[2018-03-28 14:33:29] [INFO] param:			{"uuid":"f0f50914-fc34-11e7-8ab4-000c29edbc23"}
[2018-03-28 14:33:29] [CRITICAL] except:	argument of type 'int' is not iterable
[2018-03-28 14:33:29] [INFO] -------------- Get the result ------------ False
[2018-03-28 14:33:29] [INFO] case_id:		68
[2018-03-28 14:33:29] [INFO] url:			http://192.168.1.80:8080/facebdweb/statistics/syrk/updatePushState
[2018-03-28 14:33:29] [INFO] param:			{"idNumb":"420582198411120653"}
[2018-03-28 14:33:29] [CRITICAL] except:	argument of type 'int' is not iterable
[2018-03-28 14:33:29] [INFO] -------------- Get the result ------------ False
[2018-03-28 14:33:29] [INFO] case_id:		69
[2018-03-28 14:33:29] [INFO] url:			http://192.168.1.80:8080/facebdweb/statistics/syrk/queryRealPersonResult
[2018-03-28 14:33:29] [INFO] param:			{"startTime":"2018-1-28 13:28:26","endTime":"2018-1-29 13:28:26","queryType":"0","regionType":"1"}
[2018-03-28 14:33:29] [CRITICAL] except:	argument of type 'int' is not iterable
[2018-03-28 14:33:29] [INFO] -------------- Get the result ------------ False
[2018-03-28 14:33:29] [INFO] case_id:		70
[2018-03-28 14:33:29] [INFO] url:			http://192.168.1.80:8080/facebdweb/statistics/syrk/queryRealPersonResult
[2018-03-28 14:33:29] [INFO] param:			{"startTime":"2017-12-29 13:28:26","endTime":"2018-1-29 13:28:26","queryType":"1","regionType":"1"}
[2018-03-28 14:33:29] [CRITICAL] except:	argument of type 'int' is not iterable
[2018-03-28 14:33:29] [INFO] -------------- Get the result ------------ False
[2018-03-28 14:33:29] [INFO] case_id:		71
[2018-03-28 14:33:29] [INFO] url:			http://192.168.1.80:8080/facebdweb/statistics/syrk/queryRealPersonResult
[2018-03-28 14:33:29] [INFO] param:			{"startTime":"2016-12-29 13:28:26","endTime":"2018-1-29 13:28:26","queryType":"2","regionType":"1"}
[2018-03-28 14:33:29] [CRITICAL] except:	argument of type 'int' is not iterable
[2018-03-28 14:33:29] [INFO] -------------- Get the result ------------ False
[2018-03-28 14:33:29] [INFO] case_id:		72
[2018-03-28 14:33:29] [INFO] url:			http://192.168.1.80:8080/facebdweb/statistics/syrk/queryRealPersonResult
[2018-03-28 14:33:29] [INFO] param:			{"startTime":"2016-12-29 13:28:26","endTime":"2018-1-29 13:28:26","queryType":"-2","regionType":"1"}
[2018-03-28 14:33:29] [CRITICAL] except:	argument of type 'int' is not iterable
[2018-03-28 14:33:29] [INFO] -------------- Get the result ------------ False
[2018-03-28 14:33:29] [INFO] case_id:		73
[2018-03-28 14:33:29] [INFO] url:			http://192.168.1.80:8080/facebdweb/statistics/syrk/queryRealPersonResult
[2018-03-28 14:33:29] [INFO] param:			{"endTime":"2018-1-29 13:28:26","queryType":"0","regionType":"1"}
[2018-03-28 14:33:29] [CRITICAL] except:	argument of type 'int' is not iterable
[2018-03-28 14:33:29] [INFO] -------------- Get the result ------------ False
[2018-03-28 14:33:29] [INFO] case_id:		74
[2018-03-28 14:33:29] [INFO] url:			http://192.168.1.80:8080/facebdweb/statistics/syrk/queryRealPersonResult
[2018-03-28 14:33:29] [INFO] param:			{"startTime":"2018-1-29 13:28:26","queryType":"0","regionType":"1"}
[2018-03-28 14:33:29] [CRITICAL] except:	argument of type 'int' is not iterable
[2018-03-28 14:33:29] [INFO] -------------- Get the result ------------ False
[2018-03-28 14:33:29] [INFO] case_id:		75
[2018-03-28 14:33:29] [INFO] url:			http://192.168.1.80:8080/facebdweb/statistics/syrk/queryRealPersonResult
[2018-03-28 14:33:29] [INFO] param:			{"startTime":"2018-1-29abc13:28:26","endTime":"2018-1-29 13:28:26","queryType":"0","regionType":"1"}
[2018-03-28 14:33:29] [CRITICAL] except:	argument of type 'int' is not iterable
[2018-03-28 14:33:29] [INFO] -------------- Get the result ------------ False
[2018-03-28 14:33:29] [INFO] case_id:		76
[2018-03-28 14:33:29] [INFO] url:			http://192.168.1.80:8080/facebdweb/statistics/syrk/queryCapPicture
[2018-03-28 14:33:29] [INFO] param:			{"f":{"startTime":"2016-1-29 11:31:59","endTime":"2018-1-29 11:31:59","idNumb":"420582198411120653"},"pageRows":"2","pageNo":"2","pageFlag":"pageFlag"}
[2018-03-28 14:33:29] [CRITICAL] except:	argument of type 'int' is not iterable
[2018-03-28 14:33:29] [INFO] -------------- Get the result ------------ False
[2018-03-28 14:33:29] [INFO] case_id:		77
[2018-03-28 14:33:29] [INFO] url:			http://192.168.1.80:8080/facebdweb/statistics/syrk/queryCapPicture
[2018-03-28 14:33:29] [INFO] param:			{"f":{"startTime":"2016-1-29 11:31:59","endTime":"2018-1-29 11:31:59","idNumb":"420582198411120653"},"pageRows":"2","pageNo":"2","pageFlag":""}
[2018-03-28 14:33:29] [CRITICAL] except:	argument of type 'int' is not iterable
[2018-03-28 14:33:29] [INFO] -------------- Get the result ------------ False
[2018-03-28 14:33:29] [INFO] case_id:		78
[2018-03-28 14:33:29] [INFO] url:			http://192.168.1.80:8080/facebdweb/statistics/syrk/queryCapPicture
[2018-03-28 14:33:29] [INFO] param:			{"f":{"startTime":"2016-1-29 11:31:59","endTime":"2018-1-29 11:31:59","idNumb":"420582198411120653"},"pageRows":"2","pageNo":"2","pageFlag":"111"}
[2018-03-28 14:33:29] [CRITICAL] except:	argument of type 'int' is not iterable
[2018-03-28 14:33:29] [INFO] -------------- Get the result ------------ False
[2018-03-28 14:33:29] [INFO] case_id:		79
[2018-03-28 14:33:29] [INFO] url:			http://192.168.1.80:8080/facebdweb/statistics/syrk/queryCapPicture
[2018-03-28 14:33:29] [INFO] param:			{"f":{"endTime":"2018-1-29 11:31:59","idNumb":"420582198411120653"},"pageRows":"2","pageNo":"2","pageFlag":"111"}
[2018-03-28 14:33:29] [CRITICAL] except:	argument of type 'int' is not iterable
[2018-03-28 14:33:29] [INFO] -------------- Get the result ------------ False
[2018-03-28 14:33:29] [INFO] case_id:		80
[2018-03-28 14:33:29] [INFO] url:			http://192.168.1.80:8080/facebdweb/statistics/syrk/queryCapPicture
[2018-03-28 14:33:29] [INFO] param:			{"f":{"endTime":"2018-1-29 11:31:59","idNumb":"420582198411120653"},"pageRows":"2","pageNo":"2","pageFlag":"111"}
[2018-03-28 14:33:29] [CRITICAL] except:	argument of type 'int' is not iterable
[2018-03-28 14:33:29] [INFO] -------------- Get the result ------------ False
[2018-03-28 14:33:29] [INFO] case_id:		81
[2018-03-28 14:33:29] [INFO] url:			http://192.168.1.80:8080/facebdweb/statistics/syrk/queryCapPicture
[2018-03-28 14:33:29] [INFO] param:			{"f":{"startTime":"2017-1-29 11:31:59","endTime":"2018-1-29 11:31:59","idNumb":"420582198411120653"},"pageRows":"2","pageNo":"2","pageFlag":"111"}
[2018-03-28 14:33:29] [CRITICAL] except:	argument of type 'int' is not iterable
[2018-03-28 14:33:29] [INFO] -------------- Get the result ------------ False
[2018-03-28 14:33:29] [INFO] test finished
